2025-03-25 03:25:29,112 - main - INFO - Created directory: uploads
2025-03-25 03:25:29,112 - main - INFO - Created directory: uploads/videos
2025-03-25 03:25:29,112 - main - INFO - Created directory: uploads/videos/audio
2025-03-25 03:25:33,258 - main - INFO - Shutting down...
2025-03-25 03:25:46,586 - main - INFO - Created directory: uploads
2025-03-25 03:25:46,586 - main - INFO - Created directory: uploads/videos
2025-03-25 03:25:46,586 - main - INFO - Created directory: uploads/videos/audio
2025-03-25 03:26:05,057 - routers.videos - INFO - Upload request received from user: {'_id': ObjectId('67e22f7e0214b1272f827b21'), 'username': 'bro@gmail.com', 'email': 'bro@gmail.com', 'password': '$2b$12$ldSQb5AP.d..92xdY08VjurzB3S.upxz5blLazfEl2TIdcwzskvne', 'is_active': True, 'created_at': datetime.datetime(2025, 3, 24, 23, 22, 22, 599000)}
2025-03-25 03:26:05,057 - routers.videos - INFO - File details - Filename: Student_3.mp4, Content-Type: video/mp4
2025-03-25 03:26:05,057 - routers.videos - INFO - Creating upload directory
2025-03-25 03:26:05,058 - routers.videos - INFO - Generated unique filename: c3247f65-c268-41ad-bd32-b09722211b9a.mp4
2025-03-25 03:26:05,058 - routers.videos - INFO - Saving file to: uploads/videos/c3247f65-c268-41ad-bd32-b09722211b9a.mp4
2025-03-25 03:26:05,068 - routers.videos - INFO - File saved successfully
2025-03-25 03:26:05,068 - routers.videos - INFO - Connecting to database
2025-03-25 03:26:05,703 - routers.videos - INFO - Video saved to database with ID: 67e2689ddf1463bed1f037ed
2025-03-25 03:26:08,705 - routers.videos - INFO - Starting audio processing for file: c3247f65-c268-41ad-bd32-b09722211b9a.mp4
2025-03-25 03:26:08,706 - routers.videos - INFO - Looking for video at: uploads/videos/c3247f65-c268-41ad-bd32-b09722211b9a.mp4
2025-03-25 03:26:08,706 - routers.videos - INFO - Starting audio extraction...
2025-03-25 03:26:08,706 - utils - INFO - Starting audio extraction from uploads/videos/c3247f65-c268-41ad-bd32-b09722211b9a.mp4
2025-03-25 03:26:08,706 - utils - INFO - Created output directory: uploads/videos/audio
2025-03-25 03:26:08,707 - utils - INFO - Will save audio to: uploads/videos/audio/c3247f65-c268-41ad-bd32-b09722211b9a.wav
2025-03-25 03:26:09,232 - utils - INFO - Audio extraction completed: uploads/videos/audio/c3247f65-c268-41ad-bd32-b09722211b9a.wav
2025-03-25 03:26:09,233 - routers.videos - INFO - Audio extracted successfully to: uploads/videos/audio/c3247f65-c268-41ad-bd32-b09722211b9a.wav
2025-03-25 03:26:09,233 - routers.videos - INFO - Starting audio analysis...
2025-03-25 03:26:09,233 - routers.videos - ERROR - Error processing audio: 'module' object is not callable
Traceback (most recent call last):
  File "/Users/andrewgonzalez/Desktop/JagCoaching/src/backend/routers/videos.py", line 129, in process_audio
    analysis = SpeechAnalysisObject(str(audio_path))
               ^^^^^^^^^^^^^^^^^^^^^^^^^^^^^^^^^^^^^
TypeError: 'module' object is not callable
2025-03-25 03:28:49,660 - main - INFO - Shutting down...
2025-03-25 03:28:53,048 - main - INFO - Created directory: uploads
2025-03-25 03:28:53,048 - main - INFO - Created directory: uploads/videos
2025-03-25 03:28:53,048 - main - INFO - Created directory: uploads/videos/audio
2025-03-25 03:29:39,531 - main - INFO - Shutting down...
2025-03-25 03:29:42,887 - main - INFO - Created directory: uploads
2025-03-25 03:29:42,888 - main - INFO - Created directory: uploads/videos
2025-03-25 03:29:42,888 - main - INFO - Created directory: uploads/videos/audio
2025-03-25 03:30:25,638 - main - INFO - Shutting down...
2025-03-25 03:30:28,847 - main - INFO - Created directory: uploads
2025-03-25 03:30:28,847 - main - INFO - Created directory: uploads/videos
2025-03-25 03:30:28,847 - main - INFO - Created directory: uploads/videos/audio
2025-03-25 03:30:35,740 - main - INFO - Shutting down...
2025-03-25 03:30:40,806 - main - INFO - Created directory: uploads
2025-03-25 03:30:40,806 - main - INFO - Created directory: uploads/videos
2025-03-25 03:30:40,806 - main - INFO - Created directory: uploads/videos/audio
2025-03-25 03:30:57,180 - routers.videos - INFO - Upload request received from user: {'_id': ObjectId('67e22f7e0214b1272f827b21'), 'username': 'bro@gmail.com', 'email': 'bro@gmail.com', 'password': '$2b$12$ldSQb5AP.d..92xdY08VjurzB3S.upxz5blLazfEl2TIdcwzskvne', 'is_active': True, 'created_at': datetime.datetime(2025, 3, 24, 23, 22, 22, 599000)}
2025-03-25 03:30:57,182 - routers.videos - INFO - File details - Filename: Student_3.mp4, Content-Type: video/mp4
2025-03-25 03:30:57,182 - routers.videos - INFO - Creating upload directory
2025-03-25 03:30:57,182 - routers.videos - INFO - Generated unique filename: db42dbe8-3236-4cdc-9350-8f0e1cee2722.mp4
2025-03-25 03:30:57,182 - routers.videos - INFO - Saving file to: uploads/videos/db42dbe8-3236-4cdc-9350-8f0e1cee2722.mp4
2025-03-25 03:30:57,190 - routers.videos - INFO - File saved successfully
2025-03-25 03:30:57,190 - routers.videos - INFO - Connecting to database
2025-03-25 03:30:57,826 - routers.videos - INFO - Video saved to database with ID: 67e269c16e5e2d2a062d2da8
2025-03-25 03:30:59,742 - routers.videos - INFO - Starting audio processing for file: db42dbe8-3236-4cdc-9350-8f0e1cee2722.mp4
2025-03-25 03:30:59,743 - routers.videos - INFO - Looking for video at: uploads/videos/db42dbe8-3236-4cdc-9350-8f0e1cee2722.mp4
2025-03-25 03:30:59,743 - routers.videos - INFO - Starting audio extraction...
2025-03-25 03:30:59,743 - utils - INFO - Starting audio extraction from uploads/videos/db42dbe8-3236-4cdc-9350-8f0e1cee2722.mp4
2025-03-25 03:30:59,743 - utils - INFO - Created output directory: uploads/videos/audio
2025-03-25 03:30:59,744 - utils - INFO - Will save audio to: uploads/videos/audio/db42dbe8-3236-4cdc-9350-8f0e1cee2722.wav
2025-03-25 03:31:00,056 - utils - INFO - Audio extraction completed: uploads/videos/audio/db42dbe8-3236-4cdc-9350-8f0e1cee2722.wav
2025-03-25 03:31:00,056 - routers.videos - INFO - Audio extracted successfully to: uploads/videos/audio/db42dbe8-3236-4cdc-9350-8f0e1cee2722.wav
2025-03-25 03:31:00,056 - routers.videos - INFO - Starting audio analysis...
2025-03-25 03:31:00,057 - scripts.speech_analysis - INFO - Starting transcription for uploads/videos/audio/db42dbe8-3236-4cdc-9350-8f0e1cee2722.wav
2025-03-25 03:31:00,057 - scripts.speech_analysis - INFO - Loading Whisper model and processor...
2025-03-25 03:31:01,655 - scripts.speech_analysis - INFO - Loading audio file...
2025-03-25 03:31:02,436 - scripts.speech_analysis - INFO - Processing audio through model...
2025-03-25 03:31:02,487 - scripts.speech_analysis - INFO - Generating transcription...
2025-03-26 14:18:35,389 - main - INFO - Created directory: uploads
2025-03-26 14:18:35,389 - main - INFO - Created directory: uploads/videos
2025-03-26 14:18:35,389 - main - INFO - Created directory: uploads/videos/audio
2025-03-26 14:22:50,130 - main - INFO - Shutting down...
2025-03-26 14:22:53,719 - main - INFO - Created directory: uploads
2025-03-26 14:22:53,719 - main - INFO - Created directory: uploads/videos
2025-03-26 14:22:53,719 - main - INFO - Created directory: uploads/videos/audio
2025-03-26 14:22:59,685 - main - INFO - Shutting down...
2025-03-26 14:23:06,552 - main - INFO - Created directory: uploads
2025-03-26 14:23:06,552 - main - INFO - Created directory: uploads/videos
2025-03-26 14:23:06,552 - main - INFO - Created directory: uploads/videos/audio
2025-03-26 14:23:28,920 - routers.videos - INFO - Upload request received from user: {'_id': ObjectId('67e22f7e0214b1272f827b21'), 'username': 'bro@gmail.com', 'email': 'bro@gmail.com', 'password': '$2b$12$ldSQb5AP.d..92xdY08VjurzB3S.upxz5blLazfEl2TIdcwzskvne', 'is_active': True, 'created_at': datetime.datetime(2025, 3, 24, 23, 22, 22, 599000)}
2025-03-26 14:23:28,923 - routers.videos - INFO - File details - Filename: Student_3.mp4, Content-Type: video/mp4
2025-03-26 14:23:28,925 - routers.videos - INFO - Creating upload directory
2025-03-26 14:23:28,927 - routers.videos - INFO - Generated unique filename: e2a503bf-4fa4-42b2-93eb-86c04398fa54.mp4
2025-03-26 14:23:28,929 - routers.videos - INFO - Saving file to: uploads/videos/e2a503bf-4fa4-42b2-93eb-86c04398fa54.mp4
2025-03-26 14:23:28,944 - routers.videos - INFO - File saved successfully
2025-03-26 14:23:28,944 - routers.videos - INFO - Connecting to database
2025-03-26 14:23:29,645 - routers.videos - INFO - Video saved to database with ID: 67e4543151478aa2deb1ab0b
2025-03-26 14:23:31,675 - routers.videos - INFO - Starting audio processing for file: e2a503bf-4fa4-42b2-93eb-86c04398fa54.mp4
2025-03-26 14:23:31,676 - routers.videos - INFO - Looking for video at: uploads/videos/e2a503bf-4fa4-42b2-93eb-86c04398fa54.mp4
2025-03-26 14:23:31,676 - routers.videos - INFO - Starting audio extraction...
2025-03-26 14:23:31,676 - utils - INFO - Starting audio extraction from uploads/videos/e2a503bf-4fa4-42b2-93eb-86c04398fa54.mp4
2025-03-26 14:23:31,676 - utils - INFO - Created output directory: uploads/videos/audio
2025-03-26 14:23:31,676 - utils - INFO - Will save audio to: uploads/videos/audio/e2a503bf-4fa4-42b2-93eb-86c04398fa54.wav
2025-03-26 14:23:33,741 - utils - INFO - Audio extraction completed: uploads/videos/audio/e2a503bf-4fa4-42b2-93eb-86c04398fa54.wav
2025-03-26 14:23:33,741 - routers.videos - INFO - Audio extracted successfully to: uploads/videos/audio/e2a503bf-4fa4-42b2-93eb-86c04398fa54.wav
2025-03-26 14:23:33,741 - routers.videos - INFO - Starting audio analysis...
2025-03-26 14:23:33,741 - scripts.speech_analysis - INFO - Starting transcription for uploads/videos/audio/e2a503bf-4fa4-42b2-93eb-86c04398fa54.wav
2025-03-26 14:23:33,741 - scripts.speech_analysis - INFO - Loading Whisper model and processor...
2025-03-26 14:23:35,349 - scripts.speech_analysis - INFO - Loading audio file...
2025-03-26 14:23:43,490 - scripts.speech_analysis - INFO - Processing audio through model...
2025-03-26 14:23:43,556 - scripts.speech_analysis - INFO - Generating transcription...
2025-03-26 15:04:46,948 - scripts.speech_analysis - INFO - Transcription completed successfully
2025-03-26 15:05:12,613 - sentence_transformers.SentenceTransformer - INFO - Use pytorch device_name: mps
2025-03-26 15:05:12,614 - sentence_transformers.SentenceTransformer - INFO - Load pretrained SentenceTransformer: all-MiniLM-L6-v2
2025-03-26 15:05:40,432 - routers.videos - INFO - Audio analysis completed
2025-03-26 15:05:40,433 - routers.videos - INFO - Updating database with analysis results...
2025-03-26 15:05:41,243 - routers.videos - INFO - Database updated successfully
2025-03-30 17:47:32,220 - main - ERROR - Error in lifespan: [WinError 123] The filename, directory name, or volume label syntax is incorrect: '"uploads"  # Updated to include quotes for consistency'
2025-03-30 17:53:22,587 - main - ERROR - Error in lifespan: [WinError 123] The filename, directory name, or volume label syntax is incorrect: '"uploads"  # Updated to include quotes for consistency'
2025-03-30 17:54:05,077 - main - ERROR - Error in lifespan: [WinError 123] The filename, directory name, or volume label syntax is incorrect: '"uploads"  # Updated to include quotes for consistency'
2025-03-30 17:54:27,240 - main - ERROR - Error in lifespan: [WinError 123] The filename, directory name, or volume label syntax is incorrect: '"uploads"  # Updated to include quotes for consistency'
2025-03-30 17:57:10,413 - main - ERROR - Error in lifespan: [WinError 123] The filename, directory name, or volume label syntax is incorrect: '"uploads"  # Updated to include quotes for consistency'
2025-03-30 18:04:46,188 - main - ERROR - Error in lifespan: [WinError 123] The filename, directory name, or volume label syntax is incorrect: '"uploads"  # Updated to include quotes for consistency'
2025-03-30 18:09:48,375 - main - ERROR - Error in lifespan: [WinError 123] The filename, directory name, or volume label syntax is incorrect: '"uploads"  # Updated to include quotes for consistency'
2025-04-09 16:57:04,487 - main - INFO - Created directory: uploads
2025-04-09 16:57:04,487 - main - INFO - Created directory: uploads/videos
2025-04-09 16:57:04,488 - main - INFO - Created directory: uploads/videos/audio
2025-04-09 16:57:42,041 - main - INFO - Shutting down...
2025-04-09 16:57:52,695 - main - INFO - Created directory: uploads
2025-04-09 16:57:52,695 - main - INFO - Created directory: uploads/videos
2025-04-09 16:57:52,695 - main - INFO - Created directory: uploads/videos/audio
2025-04-09 16:59:34,049 - src.backend.ws_manager.ws_manager - INFO - Client connected to session 3d88c4b9-57b1-4726-92ab-aa2606d7b560
2025-04-09 16:59:44,479 - routers.live_router - INFO - Client disconnected from session 3d88c4b9-57b1-4726-92ab-aa2606d7b560
2025-04-09 16:59:44,488 - src.backend.ws_manager.ws_manager - INFO - Client disconnected from session 3d88c4b9-57b1-4726-92ab-aa2606d7b560
2025-04-09 16:59:45,490 - src.backend.ws_manager.ws_manager - INFO - Client connected to session 70675d1d-e2a8-4520-ab5f-10810e2e984d
2025-04-09 16:59:45,766 - src.backend.ws_manager.ws_manager - INFO - Client connected to session 70675d1d-e2a8-4520-ab5f-10810e2e984d
2025-04-09 16:59:57,519 - src.backend.ws_manager.ws_manager - INFO - Client disconnected from session 70675d1d-e2a8-4520-ab5f-10810e2e984d
2025-04-09 16:59:57,520 - routers.live_router - INFO - Client disconnected from session 70675d1d-e2a8-4520-ab5f-10810e2e984d
2025-04-09 16:59:58,537 - src.backend.ws_manager.ws_manager - INFO - Client connected to session 0f75fc84-3cb6-492c-8e15-c68a08d3a9dd
2025-04-09 17:00:06,596 - src.backend.ws_manager.ws_manager - INFO - Client connected to session 0f75fc84-3cb6-492c-8e15-c68a08d3a9dd
2025-04-09 17:00:08,070 - src.backend.ws_manager.ws_manager - INFO - Client disconnected from session 0f75fc84-3cb6-492c-8e15-c68a08d3a9dd
2025-04-09 17:00:08,071 - routers.live_router - INFO - Client disconnected from session 0f75fc84-3cb6-492c-8e15-c68a08d3a9dd
2025-04-09 17:00:09,080 - src.backend.ws_manager.ws_manager - INFO - Client connected to session 08324452-c3ae-4108-b624-5bf994e5b9c7
2025-04-09 17:00:15,496 - routers.live_router - ERROR - Keep-alive error: 'last_ping'
2025-04-09 17:00:28,539 - routers.live_router - ERROR - Keep-alive error: 'last_ping'
2025-04-09 17:01:09,087 - routers.live_router - WARNING - Session 08324452-c3ae-4108-b624-5bf994e5b9c7 timed out
2025-04-09 17:01:09,095 - src.backend.ws_manager.ws_manager - INFO - Client disconnected from session 08324452-c3ae-4108-b624-5bf994e5b9c7
2025-04-09 17:01:09,096 - routers.live_router - INFO - Client disconnected from session 08324452-c3ae-4108-b624-5bf994e5b9c7
2025-04-09 17:01:10,110 - src.backend.ws_manager.ws_manager - INFO - Client connected to session 08324452-c3ae-4108-b624-5bf994e5b9c7
2025-04-09 17:02:10,117 - routers.live_router - WARNING - Session 08324452-c3ae-4108-b624-5bf994e5b9c7 timed out
2025-04-09 17:02:10,126 - src.backend.ws_manager.ws_manager - INFO - Client disconnected from session 08324452-c3ae-4108-b624-5bf994e5b9c7
2025-04-09 17:02:10,134 - routers.live_router - INFO - Client disconnected from session 08324452-c3ae-4108-b624-5bf994e5b9c7
2025-04-09 17:02:11,139 - src.backend.ws_manager.ws_manager - INFO - Client connected to session 08324452-c3ae-4108-b624-5bf994e5b9c7
2025-04-09 17:03:11,147 - routers.live_router - WARNING - Session 08324452-c3ae-4108-b624-5bf994e5b9c7 timed out
2025-04-09 17:03:11,152 - src.backend.ws_manager.ws_manager - INFO - Client disconnected from session 08324452-c3ae-4108-b624-5bf994e5b9c7
2025-04-09 17:03:11,157 - routers.live_router - INFO - Client disconnected from session 08324452-c3ae-4108-b624-5bf994e5b9c7
2025-04-09 17:03:12,164 - src.backend.ws_manager.ws_manager - INFO - Client connected to session 08324452-c3ae-4108-b624-5bf994e5b9c7
2025-04-09 17:04:12,172 - routers.live_router - WARNING - Session 08324452-c3ae-4108-b624-5bf994e5b9c7 timed out
2025-04-09 17:04:12,182 - src.backend.ws_manager.ws_manager - INFO - Client disconnected from session 08324452-c3ae-4108-b624-5bf994e5b9c7
2025-04-09 17:04:12,184 - routers.live_router - INFO - Client disconnected from session 08324452-c3ae-4108-b624-5bf994e5b9c7
2025-04-09 17:04:13,199 - src.backend.ws_manager.ws_manager - INFO - Client connected to session 08324452-c3ae-4108-b624-5bf994e5b9c7
2025-04-09 17:05:13,207 - routers.live_router - WARNING - Session 08324452-c3ae-4108-b624-5bf994e5b9c7 timed out
2025-04-09 17:05:13,218 - src.backend.ws_manager.ws_manager - INFO - Client disconnected from session 08324452-c3ae-4108-b624-5bf994e5b9c7
2025-04-09 17:05:13,219 - routers.live_router - INFO - Client disconnected from session 08324452-c3ae-4108-b624-5bf994e5b9c7
2025-04-09 17:05:14,248 - src.backend.ws_manager.ws_manager - INFO - Client connected to session 08324452-c3ae-4108-b624-5bf994e5b9c7
2025-04-09 17:06:14,278 - routers.live_router - WARNING - Session 08324452-c3ae-4108-b624-5bf994e5b9c7 timed out
2025-04-09 17:06:14,294 - src.backend.ws_manager.ws_manager - INFO - Client disconnected from session 08324452-c3ae-4108-b624-5bf994e5b9c7
2025-04-09 17:06:14,294 - routers.live_router - INFO - Client disconnected from session 08324452-c3ae-4108-b624-5bf994e5b9c7
2025-04-09 17:06:15,306 - src.backend.ws_manager.ws_manager - INFO - Client connected to session 08324452-c3ae-4108-b624-5bf994e5b9c7
2025-04-09 17:06:58,788 - routers.live_router - INFO - Client disconnected from session 08324452-c3ae-4108-b624-5bf994e5b9c7
2025-04-09 17:06:58,827 - routers.live_router - INFO - Client disconnected from session 0f75fc84-3cb6-492c-8e15-c68a08d3a9dd
2025-04-09 17:06:58,828 - routers.live_router - INFO - Client disconnected from session 70675d1d-e2a8-4520-ab5f-10810e2e984d
2025-04-09 17:07:31,390 - src.backend.ws_manager.ws_manager - INFO - Client connected to session e4ca1973-c730-4986-817c-bdc30cd4219d
2025-04-09 17:07:39,859 - routers.live_router - INFO - Client disconnected from session e4ca1973-c730-4986-817c-bdc30cd4219d
2025-04-09 17:07:39,865 - src.backend.ws_manager.ws_manager - INFO - Client disconnected from session e4ca1973-c730-4986-817c-bdc30cd4219d
2025-04-09 17:07:40,871 - src.backend.ws_manager.ws_manager - INFO - Client connected to session 7aa989d9-5d70-4952-b592-d3c6bb98c126
2025-04-09 17:08:40,882 - routers.live_router - WARNING - Session 7aa989d9-5d70-4952-b592-d3c6bb98c126 timed out
2025-04-09 17:08:40,888 - src.backend.ws_manager.ws_manager - INFO - Client disconnected from session 7aa989d9-5d70-4952-b592-d3c6bb98c126
2025-04-09 17:08:40,889 - routers.live_router - INFO - Client disconnected from session 7aa989d9-5d70-4952-b592-d3c6bb98c126
2025-04-09 17:08:41,903 - src.backend.ws_manager.ws_manager - INFO - Client connected to session 7aa989d9-5d70-4952-b592-d3c6bb98c126
